  strcasecmp.c
  virtch_common.c
  virtch2.c
z:\local\doc\git\github\frank2\sostav\dep\libmikmod\playercode\virtch2.c(1096): warning C4244: 'function': conversion from 'SLONGLONG' to 'SLONG', possible loss of data
z:\local\doc\git\github\frank2\sostav\dep\libmikmod\playercode\virtch2.c(1096): warning C4244: 'function': conversion from 'SLONGLONG' to 'ULONG', possible loss of data
z:\local\doc\git\github\frank2\sostav\dep\libmikmod\playercode\virtch2.c(1099): warning C4244: 'function': conversion from 'SLONGLONG' to 'SLONG', possible loss of data
z:\local\doc\git\github\frank2\sostav\dep\libmikmod\playercode\virtch2.c(1099): warning C4244: 'function': conversion from 'SLONGLONG' to 'ULONG', possible loss of data
z:\local\doc\git\github\frank2\sostav\dep\libmikmod\playercode\virtch2.c(1102): warning C4244: 'function': conversion from 'SLONGLONG' to 'SLONG', possible loss of data
z:\local\doc\git\github\frank2\sostav\dep\libmikmod\playercode\virtch2.c(1110): warning C4244: 'function': conversion from 'SLONGLONG' to 'ULONG', possible loss of data
z:\local\doc\git\github\frank2\sostav\dep\libmikmod\playercode\virtch2.c(1113): warning C4244: 'function': conversion from 'SLONGLONG' to 'ULONG', possible loss of data
z:\local\doc\git\github\frank2\sostav\dep\libmikmod\playercode\virtch2.c(1116): warning C4244: 'function': conversion from 'SLONGLONG' to 'SLONG', possible loss of data
z:\local\doc\git\github\frank2\sostav\dep\libmikmod\playercode\virtch2.c(1124): warning C4244: '-=': conversion from 'SLONGLONG' to 'SLONG', possible loss of data
z:\local\doc\git\github\frank2\sostav\dep\libmikmod\playercode\virtch2.c(1168): warning C4018: '<': signed/unsigned mismatch
  virtch.c
z:\local\doc\git\github\frank2\sostav\dep\libmikmod\playercode\virtch.c(817): warning C4244: '=': conversion from 'SLONG' to 'SWORD', possible loss of data
z:\local\doc\git\github\frank2\sostav\dep\libmikmod\playercode\virtch.c(822): warning C4244: '=': conversion from 'SLONG' to 'SWORD', possible loss of data
z:\local\doc\git\github\frank2\sostav\dep\libmikmod\playercode\virtch.c(1054): warning C4244: 'function': conversion from 'SLONGLONG' to 'SLONG', possible loss of data
z:\local\doc\git\github\frank2\sostav\dep\libmikmod\playercode\virtch.c(1057): warning C4244: 'function': conversion from 'SLONGLONG' to 'SLONG', possible loss of data
z:\local\doc\git\github\frank2\sostav\dep\libmikmod\playercode\virtch.c(1060): warning C4244: 'function': conversion from 'SLONGLONG' to 'SLONG', possible loss of data
z:\local\doc\git\github\frank2\sostav\dep\libmikmod\playercode\virtch.c(1064): warning C4244: 'function': conversion from 'SLONGLONG' to 'SLONG', possible loss of data
z:\local\doc\git\github\frank2\sostav\dep\libmikmod\playercode\virtch.c(1074): warning C4244: 'function': conversion from 'SLONGLONG' to 'SLONG', possible loss of data
z:\local\doc\git\github\frank2\sostav\dep\libmikmod\playercode\virtch.c(1078): warning C4244: 'function': conversion from 'SLONGLONG' to 'SLONG', possible loss of data
z:\local\doc\git\github\frank2\sostav\dep\libmikmod\playercode\virtch.c(1087): warning C4244: 'function': conversion from 'SLONGLONG' to 'SLONG', possible loss of data
z:\local\doc\git\github\frank2\sostav\dep\libmikmod\playercode\virtch.c(1090): warning C4244: 'function': conversion from 'SLONGLONG' to 'SLONG', possible loss of data
z:\local\doc\git\github\frank2\sostav\dep\libmikmod\playercode\virtch.c(1093): warning C4244: 'function': conversion from 'SLONGLONG' to 'SLONG', possible loss of data
z:\local\doc\git\github\frank2\sostav\dep\libmikmod\playercode\virtch.c(1097): warning C4244: 'function': conversion from 'SLONGLONG' to 'SLONG', possible loss of data
z:\local\doc\git\github\frank2\sostav\dep\libmikmod\playercode\virtch.c(1107): warning C4244: 'function': conversion from 'SLONGLONG' to 'SLONG', possible loss of data
z:\local\doc\git\github\frank2\sostav\dep\libmikmod\playercode\virtch.c(1111): warning C4244: 'function': conversion from 'SLONGLONG' to 'SLONG', possible loss of data
z:\local\doc\git\github\frank2\sostav\dep\libmikmod\playercode\virtch.c(1117): warning C4244: '-=': conversion from 'SLONGLONG' to 'SLONG', possible loss of data
z:\local\doc\git\github\frank2\sostav\dep\libmikmod\playercode\virtch.c(1164): warning C4018: '<': signed/unsigned mismatch
  sloader.c
z:\local\doc\git\github\frank2\sostav\dep\libmikmod\playercode\sloader.c(83): warning C4244: 'initializing': conversion from 'SWORD' to 'SBYTE', possible loss of data
z:\local\doc\git\github\frank2\sostav\dep\libmikmod\playercode\sloader.c(215): warning C4244: '+=': conversion from 'SLONG' to 'SWORD', possible loss of data
  npertab.c
  mwav.c
z:\local\doc\git\github\frank2\sostav\dep\libmikmod\playercode\mwav.c(189): warning C4244: '=': conversion from 'ULONG' to 'UWORD', possible loss of data
  munitrk.c
z:\local\doc\git\github\frank2\sostav\dep\libmikmod\playercode\munitrk.c(267): warning C4244: '=': conversion from 'UWORD' to 'UBYTE', possible loss of data
  mplayer.c
z:\local\doc\git\github\frank2\sostav\dep\libmikmod\playercode\mplayer.c(235): warning C4244: 'return': conversion from 'double' to 'int', possible loss of data
z:\local\doc\git\github\frank2\sostav\dep\libmikmod\playercode\mplayer.c(251): warning C4018: '<': signed/unsigned mismatch
z:\local\doc\git\github\frank2\sostav\dep\libmikmod\playercode\mplayer.c(254): warning C4244: 'function': conversion from 'ULONG' to 'SBYTE', possible loss of data
z:\local\doc\git\github\frank2\sostav\dep\libmikmod\playercode\mplayer.c(258): warning C4018: '<': signed/unsigned mismatch
z:\local\doc\git\github\frank2\sostav\dep\libmikmod\playercode\mplayer.c(289): warning C4244: '=': conversion from 'unsigned long' to 'UWORD', possible loss of data
z:\local\doc\git\github\frank2\sostav\dep\libmikmod\playercode\mplayer.c(306): warning C4244: 'function': conversion from 'ULONG' to 'SWORD', possible loss of data
z:\local\doc\git\github\frank2\sostav\dep\libmikmod\playercode\mplayer.c(323): warning C4244: 'return': conversion from 'unsigned long' to 'UWORD', possible loss of data
z:\local\doc\git\github\frank2\sostav\dep\libmikmod\playercode\mplayer.c(404): warning C4244: '=': conversion from 'UWORD' to 'UBYTE', possible loss of data
z:\local\doc\git\github\frank2\sostav\dep\libmikmod\playercode\mplayer.c(405): warning C4244: '=': conversion from 'UWORD' to 'UBYTE', possible loss of data
z:\local\doc\git\github\frank2\sostav\dep\libmikmod\playercode\mplayer.c(789): warning C4018: '>': signed/unsigned mismatch
z:\local\doc\git\github\frank2\sostav\dep\libmikmod\playercode\mplayer.c(875): warning C4244: '=': conversion from 'UWORD' to 'UBYTE', possible loss of data
z:\local\doc\git\github\frank2\sostav\dep\libmikmod\playercode\mplayer.c(1117): warning C4244: '=': conversion from 'UWORD' to 'UBYTE', possible loss of data
z:\local\doc\git\github\frank2\sostav\dep\libmikmod\playercode\mplayer.c(1148): warning C4244: '=': conversion from 'UWORD' to 'UBYTE', possible loss of data
z:\local\doc\git\github\frank2\sostav\dep\libmikmod\playercode\mplayer.c(1950): warning C4244: '=': conversion from 'SLONG' to 'SWORD', possible loss of data
z:\local\doc\git\github\frank2\sostav\dep\libmikmod\playercode\mplayer.c(2012): warning C4018: '>': signed/unsigned mismatch
z:\local\doc\git\github\frank2\sostav\dep\libmikmod\playercode\mplayer.c(2099): warning C4018: '>': signed/unsigned mismatch
z:\local\doc\git\github\frank2\sostav\dep\libmikmod\playercode\mplayer.c(2347): warning C4244: 'function': conversion from 'SWORD' to 'SBYTE', possible loss of data
z:\local\doc\git\github\frank2\sostav\dep\libmikmod\playercode\mplayer.c(2402): warning C4244: 'function': conversion from 'SWORD' to 'SBYTE', possible loss of data
z:\local\doc\git\github\frank2\sostav\dep\libmikmod\playercode\mplayer.c(2404): warning C4244: 'function': conversion from 'SWORD' to 'SBYTE', possible loss of data
z:\local\doc\git\github\frank2\sostav\dep\libmikmod\playercode\mplayer.c(2404): warning C4244: 'function': conversion from 'ULONG' to 'UWORD', possible loss of data
z:\local\doc\git\github\frank2\sostav\dep\libmikmod\playercode\mplayer.c(2411): warning C4244: 'function': conversion from 'SWORD' to 'SBYTE', possible loss of data
z:\local\doc\git\github\frank2\sostav\dep\libmikmod\playercode\mplayer.c(2414): warning C4244: 'function': conversion from 'SWORD' to 'SBYTE', possible loss of data
z:\local\doc\git\github\frank2\sostav\dep\libmikmod\playercode\mplayer.c(2417): warning C4244: 'function': conversion from 'SWORD' to 'SBYTE', possible loss of data
z:\local\doc\git\github\frank2\sostav\dep\libmikmod\playercode\mplayer.c(2448): warning C4244: '-=': conversion from 'SLONG' to 'UWORD', possible loss of data
z:\local\doc\git\github\frank2\sostav\dep\libmikmod\playercode\mplayer.c(2467): warning C4244: '-=': conversion from 'SLONG' to 'UWORD', possible loss of data
z:\local\doc\git\github\frank2\sostav\dep\libmikmod\playercode\mplayer.c(2495): warning C4244: '+=': conversion from 'long' to 'UWORD', possible loss of data
z:\local\doc\git\github\frank2\sostav\dep\libmikmod\playercode\mplayer.c(2499): warning C4244: 'function': conversion from 'SWORD' to 'SBYTE', possible loss of data
z:\local\doc\git\github\frank2\sostav\dep\libmikmod\playercode\mplayer.c(2504): warning C4244: 'function': conversion from 'SWORD' to 'SBYTE', possible loss of data
z:\local\doc\git\github\frank2\sostav\dep\libmikmod\playercode\mplayer.c(2638): warning C4244: '=': conversion from 'SLONG' to 'SWORD', possible loss of data
z:\local\doc\git\github\frank2\sostav\dep\libmikmod\playercode\mplayer.c(2646): warning C4244: '+=': conversion from 'SLONG' to 'SWORD', possible loss of data
z:\local\doc\git\github\frank2\sostav\dep\libmikmod\playercode\mplayer.c(2816): warning C4244: '=': conversion from 'SWORD' to 'UBYTE', possible loss of data
z:\local\doc\git\github\frank2\sostav\dep\libmikmod\playercode\mplayer.c(3037): warning C4244: '=': conversion from 'SWORD' to 'UBYTE', possible loss of data
z:\local\doc\git\github\frank2\sostav\dep\libmikmod\playercode\mplayer.c(3283): warning C4018: '>=': signed/unsigned mismatch
z:\local\doc\git\github\frank2\sostav\dep\libmikmod\playercode\mplayer.c(3283): warning C4018: '<=': signed/unsigned mismatch
  mlutil.c
z:\local\doc\git\github\frank2\sostav\dep\libmikmod\playercode\mlutil.c(97): warning C4018: '<': signed/unsigned mismatch
z:\local\doc\git\github\frank2\sostav\dep\libmikmod\playercode\mlutil.c(104): warning C4018: '>': signed/unsigned mismatch
z:\local\doc\git\github\frank2\sostav\dep\libmikmod\playercode\mlutil.c(108): warning C4018: '<': signed/unsigned mismatch
z:\local\doc\git\github\frank2\sostav\dep\libmikmod\playercode\mlutil.c(131): warning C4244: '=': conversion from 'UWORD' to 'UBYTE', possible loss of data
z:\local\doc\git\github\frank2\sostav\dep\libmikmod\playercode\mlutil.c(303): warning C4244: 'function': conversion from 'UWORD' to 'UBYTE', possible loss of data
z:\local\doc\git\github\frank2\sostav\dep\libmikmod\playercode\mlutil.c(307): warning C4244: 'function': conversion from 'UWORD' to 'UBYTE', possible loss of data
z:\local\doc\git\github\frank2\sostav\dep\libmikmod\playercode\mlutil.c(326): warning C4244: 'function': conversion from 'UWORD' to 'UBYTE', possible loss of data
  mlreg.c
  mloader.c
  mdriver.c
z:\local\doc\git\github\frank2\sostav\dep\libmikmod\playercode\mdriver.c(332): warning C4244: 'function': conversion from 'unsigned long' to 'UWORD', possible loss of data
  mdreg.c
  mmio.c
  mmerror.c
  mmalloc.c
  load_xm.c
z:\local\doc\git\github\frank2\sostav\dep\libmikmod\loaders\load_xm.c(337): warning C4018: '<': signed/unsigned mismatch
z:\local\doc\git\github\frank2\sostav\dep\libmikmod\loaders\load_xm.c(709): warning C4244: '=': conversion from 'UWORD' to 'UBYTE', possible loss of data
z:\local\doc\git\github\frank2\sostav\dep\libmikmod\loaders\load_xm.c(726): warning C4244: '=': conversion from 'UWORD' to 'UBYTE', possible loss of data
  load_uni.c
  load_umx.c
  Generating Code...
  Compiling...
  load_ult.c
  load_stx.c
z:\local\doc\git\github\frank2\sostav\dep\libmikmod\loaders\load_stx.c(349): warning C4244: '=': conversion from 'UWORD' to 'UBYTE', possible loss of data
  load_stm.c
z:\local\doc\git\github\frank2\sostav\dep\libmikmod\loaders\load_stm.c(236): warning C4018: '<': signed/unsigned mismatch
  load_s3m.c
  load_okt.c
z:\local\doc\git\github\frank2\sostav\dep\libmikmod\loaders\load_okt.c(221): warning C4244: '=': conversion from 'ULONG' to 'UWORD', possible loss of data
z:\local\doc\git\github\frank2\sostav\dep\libmikmod\loaders\load_okt.c(222): warning C4018: '>': signed/unsigned mismatch
z:\local\doc\git\github\frank2\sostav\dep\libmikmod\loaders\load_okt.c(223): warning C4244: '=': conversion from 'ULONG' to 'UWORD', possible loss of data
  load_mtm.c
  load_mod.c
z:\local\doc\git\github\frank2\sostav\dep\libmikmod\loaders\load_mod.c(351): warning C4018: '<': signed/unsigned mismatch
  load_med.c
z:\local\doc\git\github\frank2\sostav\dep\libmikmod\loaders\load_med.c(255): warning C4244: 'function': conversion from 'UWORD' to 'UBYTE', possible loss of data
z:\local\doc\git\github\frank2\sostav\dep\libmikmod\loaders\load_med.c(344): warning C4244: '=': conversion from 'UWORD' to 'UBYTE', possible loss of data
z:\local\doc\git\github\frank2\sostav\dep\libmikmod\loaders\load_med.c(392): warning C4244: '=': conversion from 'UWORD' to 'UBYTE', possible loss of data
z:\local\doc\git\github\frank2\sostav\dep\libmikmod\loaders\load_med.c(575): warning C4244: '=': conversion from 'ULONG' to 'CHAR', possible loss of data
z:\local\doc\git\github\frank2\sostav\dep\libmikmod\loaders\load_med.c(589): warning C4244: 'function': conversion from 'ULONG' to 'UWORD', possible loss of data
z:\local\doc\git\github\frank2\sostav\dep\libmikmod\loaders\load_med.c(595): warning C4244: 'function': conversion from 'ULONG' to 'UWORD', possible loss of data
z:\local\doc\git\github\frank2\sostav\dep\libmikmod\loaders\load_med.c(701): warning C4244: 'function': conversion from 'ULONG' to 'UWORD', possible loss of data
  load_m15.c
z:\local\doc\git\github\frank2\sostav\dep\libmikmod\loaders\load_m15.c(153): warning C4018: '<': signed/unsigned mismatch
  load_it.c
z:\local\doc\git\github\frank2\sostav\dep\libmikmod\loaders\load_it.c(433): warning C4244: '=': conversion from 'UWORD' to 'UBYTE', possible loss of data
  load_imf.c
  load_gt2.c
  load_gdm.c
  load_far.c
  load_dsm.c
z:\local\doc\git\github\frank2\sostav\dep\libmikmod\loaders\load_dsm.c(271): warning C4244: '=': conversion from 'UWORD' to 'UBYTE', possible loss of data
  load_asy.c
z:\local\doc\git\github\frank2\sostav\dep\libmikmod\loaders\load_asy.c(260): warning C4018: '<': signed/unsigned mismatch
  load_amf.c
z:\local\doc\git\github\frank2\sostav\dep\libmikmod\loaders\load_amf.c(543): warning C4018: '<': signed/unsigned mismatch
  load_669.c
  drv_xaudio2.c
  drv_win.c
  Generating Code...
  Compiling...
  drv_wav.c
  drv_stdout.c
  drv_sdl.c
  drv_raw.c
  drv_openal.c
  drv_nos.c
  drv_ds.c
z:\local\doc\git\github\frank2\sostav\dep\libmikmod\drivers\drv_ds.c(97): warning C4018: '<': signed/unsigned mismatch
  drv_aiff.c
z:\local\doc\git\github\frank2\sostav\dep\libmikmod\drivers\drv_aiff.c(133): warning C4244: '=': conversion from 'ULONG' to 'char', possible loss of data
z:\local\doc\git\github\frank2\sostav\dep\libmikmod\drivers\drv_aiff.c(134): warning C4244: '=': conversion from 'ULONG' to 'char', possible loss of data
z:\local\doc\git\github\frank2\sostav\dep\libmikmod\drivers\drv_aiff.c(135): warning C4244: '=': conversion from 'ULONG' to 'char', possible loss of data
z:\local\doc\git\github\frank2\sostav\dep\libmikmod\drivers\drv_aiff.c(137): warning C4244: '=': conversion from 'ULONG' to 'char', possible loss of data
z:\local\doc\git\github\frank2\sostav\dep\libmikmod\drivers\drv_aiff.c(138): warning C4244: '=': conversion from 'ULONG' to 'char', possible loss of data
z:\local\doc\git\github\frank2\sostav\dep\libmikmod\drivers\drv_aiff.c(139): warning C4244: '=': conversion from 'ULONG' to 'char', possible loss of data
  xpk.c
z:\local\doc\git\github\frank2\sostav\dep\libmikmod\depackers\xpk.c(90): warning C4244: 'return': conversion from 'unsigned long' to 'UWORD', possible loss of data
  s404.c
z:\local\doc\git\github\frank2\sostav\dep\libmikmod\depackers\s404.c(57): warning C4244: 'return': conversion from 'unsigned long' to 'UWORD', possible loss of data
z:\local\doc\git\github\frank2\sostav\dep\libmikmod\depackers\s404.c(154): warning C4244: '=': conversion from 'UWORD' to 'UBYTE', possible loss of data
z:\local\doc\git\github\frank2\sostav\dep\libmikmod\depackers\s404.c(179): warning C4244: '=': conversion from 'UWORD' to 'UBYTE', possible loss of data
  pp20.c
z:\local\doc\git\github\frank2\sostav\dep\libmikmod\depackers\pp20.c(107): warning C4244: '=': conversion from 'ULONG' to 'UBYTE', possible loss of data
z:\local\doc\git\github\frank2\sostav\dep\libmikmod\depackers\pp20.c(120): warning C4244: '=': conversion from 'ULONG' to 'UBYTE', possible loss of data
z:\local\doc\git\github\frank2\sostav\dep\libmikmod\depackers\pp20.c(124): warning C4244: '=': conversion from 'ULONG' to 'UBYTE', possible loss of data
z:\local\doc\git\github\frank2\sostav\dep\libmikmod\depackers\pp20.c(127): warning C4244: '=': conversion from 'ULONG' to 'UBYTE', possible loss of data
  mmcmp.c
  Generating Code...
mmcmp.obj : warning LNK4075: ignoring '/EDITANDCONTINUE' due to '/SAFESEH' specification
  libmikmod.vcxproj -> Z:\local\doc\git\github\frank2\sostav\dep\libmikmod\win32\VS2005\Debug\libmikmod.dll
