z:\local\doc\git\github\frank2\sostav\dep\libmikmod\win32\vs2005\release\vc140.pdb
z:\local\doc\git\github\frank2\sostav\dep\libmikmod\win32\vs2005\release\load_gdm.obj
z:\local\doc\git\github\frank2\sostav\dep\libmikmod\win32\vs2005\release\load_far.obj
z:\local\doc\git\github\frank2\sostav\dep\libmikmod\win32\vs2005\release\load_dsm.obj
z:\local\doc\git\github\frank2\sostav\dep\libmikmod\win32\vs2005\release\load_asy.obj
z:\local\doc\git\github\frank2\sostav\dep\libmikmod\win32\vs2005\release\load_amf.obj
z:\local\doc\git\github\frank2\sostav\dep\libmikmod\win32\vs2005\release\load_669.obj
z:\local\doc\git\github\frank2\sostav\dep\libmikmod\win32\vs2005\release\drv_xaudio2.obj
z:\local\doc\git\github\frank2\sostav\dep\libmikmod\win32\vs2005\release\drv_win.obj
z:\local\doc\git\github\frank2\sostav\dep\libmikmod\win32\vs2005\release\drv_wav.obj
z:\local\doc\git\github\frank2\sostav\dep\libmikmod\win32\vs2005\release\drv_stdout.obj
z:\local\doc\git\github\frank2\sostav\dep\libmikmod\win32\vs2005\release\drv_sdl.obj
z:\local\doc\git\github\frank2\sostav\dep\libmikmod\win32\vs2005\release\drv_raw.obj
z:\local\doc\git\github\frank2\sostav\dep\libmikmod\win32\vs2005\release\drv_openal.obj
z:\local\doc\git\github\frank2\sostav\dep\libmikmod\win32\vs2005\release\drv_nos.obj
z:\local\doc\git\github\frank2\sostav\dep\libmikmod\win32\vs2005\release\drv_ds.obj
z:\local\doc\git\github\frank2\sostav\dep\libmikmod\win32\vs2005\release\drv_aiff.obj
z:\local\doc\git\github\frank2\sostav\dep\libmikmod\win32\vs2005\release\xpk.obj
z:\local\doc\git\github\frank2\sostav\dep\libmikmod\win32\vs2005\release\s404.obj
z:\local\doc\git\github\frank2\sostav\dep\libmikmod\win32\vs2005\release\pp20.obj
z:\local\doc\git\github\frank2\sostav\dep\libmikmod\win32\vs2005\release\mmcmp.obj
z:\local\doc\git\github\frank2\sostav\dep\libmikmod\win32\vs2005\release\mdriver.obj
z:\local\doc\git\github\frank2\sostav\dep\libmikmod\win32\vs2005\release\mdreg.obj
z:\local\doc\git\github\frank2\sostav\dep\libmikmod\win32\vs2005\release\mmio.obj
z:\local\doc\git\github\frank2\sostav\dep\libmikmod\win32\vs2005\release\mmerror.obj
z:\local\doc\git\github\frank2\sostav\dep\libmikmod\win32\vs2005\release\mmalloc.obj
z:\local\doc\git\github\frank2\sostav\dep\libmikmod\win32\vs2005\release\load_xm.obj
z:\local\doc\git\github\frank2\sostav\dep\libmikmod\win32\vs2005\release\load_uni.obj
z:\local\doc\git\github\frank2\sostav\dep\libmikmod\win32\vs2005\release\load_umx.obj
z:\local\doc\git\github\frank2\sostav\dep\libmikmod\win32\vs2005\release\load_ult.obj
z:\local\doc\git\github\frank2\sostav\dep\libmikmod\win32\vs2005\release\load_stx.obj
z:\local\doc\git\github\frank2\sostav\dep\libmikmod\win32\vs2005\release\load_stm.obj
z:\local\doc\git\github\frank2\sostav\dep\libmikmod\win32\vs2005\release\load_s3m.obj
z:\local\doc\git\github\frank2\sostav\dep\libmikmod\win32\vs2005\release\load_okt.obj
z:\local\doc\git\github\frank2\sostav\dep\libmikmod\win32\vs2005\release\load_mtm.obj
z:\local\doc\git\github\frank2\sostav\dep\libmikmod\win32\vs2005\release\load_mod.obj
z:\local\doc\git\github\frank2\sostav\dep\libmikmod\win32\vs2005\release\load_med.obj
z:\local\doc\git\github\frank2\sostav\dep\libmikmod\win32\vs2005\release\load_m15.obj
z:\local\doc\git\github\frank2\sostav\dep\libmikmod\win32\vs2005\release\load_it.obj
z:\local\doc\git\github\frank2\sostav\dep\libmikmod\win32\vs2005\release\load_imf.obj
z:\local\doc\git\github\frank2\sostav\dep\libmikmod\win32\vs2005\release\load_gt2.obj
z:\local\doc\git\github\frank2\sostav\dep\libmikmod\win32\vs2005\release\strcasecmp.obj
z:\local\doc\git\github\frank2\sostav\dep\libmikmod\win32\vs2005\release\virtch_common.obj
z:\local\doc\git\github\frank2\sostav\dep\libmikmod\win32\vs2005\release\virtch2.obj
z:\local\doc\git\github\frank2\sostav\dep\libmikmod\win32\vs2005\release\virtch.obj
z:\local\doc\git\github\frank2\sostav\dep\libmikmod\win32\vs2005\release\sloader.obj
z:\local\doc\git\github\frank2\sostav\dep\libmikmod\win32\vs2005\release\npertab.obj
z:\local\doc\git\github\frank2\sostav\dep\libmikmod\win32\vs2005\release\mwav.obj
z:\local\doc\git\github\frank2\sostav\dep\libmikmod\win32\vs2005\release\munitrk.obj
z:\local\doc\git\github\frank2\sostav\dep\libmikmod\win32\vs2005\release\mplayer.obj
z:\local\doc\git\github\frank2\sostav\dep\libmikmod\win32\vs2005\release\mlutil.obj
z:\local\doc\git\github\frank2\sostav\dep\libmikmod\win32\vs2005\release\mlreg.obj
z:\local\doc\git\github\frank2\sostav\dep\libmikmod\win32\vs2005\release\mloader.obj
z:\local\doc\git\github\frank2\sostav\dep\libmikmod\win32\vs2005\release\libmikmod.dll
z:\local\doc\git\github\frank2\sostav\dep\libmikmod\win32\vs2005\release\libmikmod.ipdb
z:\local\doc\git\github\frank2\sostav\dep\libmikmod\win32\vs2005\release\libmikmod.iobj
z:\local\doc\git\github\frank2\sostav\dep\libmikmod\win32\vs2005\release\libmikmod.pdb
z:\local\doc\git\github\frank2\sostav\dep\libmikmod\win32\vs2005\release\libmikmod.lib
z:\local\doc\git\github\frank2\sostav\dep\libmikmod\win32\vs2005\release\libmikmod.exp
z:\local\doc\git\github\frank2\sostav\dep\libmikmod\win32\vs2005\release\libmikmod.tlog\link.command.1.tlog
z:\local\doc\git\github\frank2\sostav\dep\libmikmod\win32\vs2005\release\libmikmod.tlog\cl.read.1.tlog
z:\local\doc\git\github\frank2\sostav\dep\libmikmod\win32\vs2005\release\libmikmod.tlog\cl.command.1.tlog
z:\local\doc\git\github\frank2\sostav\dep\libmikmod\win32\vs2005\release\libmikmod.tlog\link.read.1.tlog
z:\local\doc\git\github\frank2\sostav\dep\libmikmod\win32\vs2005\release\libmikmod.tlog\cl.write.1.tlog
z:\local\doc\git\github\frank2\sostav\dep\libmikmod\win32\vs2005\release\libmikmod.tlog\link.write.1.tlog
z:\local\doc\git\github\frank2\sostav\dep\libmikmod\win32\vs2005\release\libmikmod.tlog\libmikmod.write.1u.tlog
