z:\local\doc\git\github\frank2\sostav\dep\libmikmod\win32\vs2005\x64\debug\libmikmod.pdb
z:\local\doc\git\github\frank2\sostav\dep\libmikmod\win32\vs2005\x64\debug\libmikmod.idb
z:\local\doc\git\github\frank2\sostav\dep\libmikmod\win32\vs2005\x64\debug\load_umx.obj
z:\local\doc\git\github\frank2\sostav\dep\libmikmod\win32\vs2005\x64\debug\load_uni.obj
z:\local\doc\git\github\frank2\sostav\dep\libmikmod\win32\vs2005\x64\debug\load_xm.obj
z:\local\doc\git\github\frank2\sostav\dep\libmikmod\win32\vs2005\x64\debug\mmalloc.obj
z:\local\doc\git\github\frank2\sostav\dep\libmikmod\win32\vs2005\x64\debug\mmerror.obj
z:\local\doc\git\github\frank2\sostav\dep\libmikmod\win32\vs2005\x64\debug\mmio.obj
z:\local\doc\git\github\frank2\sostav\dep\libmikmod\win32\vs2005\x64\debug\mdreg.obj
z:\local\doc\git\github\frank2\sostav\dep\libmikmod\win32\vs2005\x64\debug\mdriver.obj
z:\local\doc\git\github\frank2\sostav\dep\libmikmod\win32\vs2005\x64\debug\mloader.obj
z:\local\doc\git\github\frank2\sostav\dep\libmikmod\win32\vs2005\x64\debug\mlreg.obj
z:\local\doc\git\github\frank2\sostav\dep\libmikmod\win32\vs2005\x64\debug\mlutil.obj
z:\local\doc\git\github\frank2\sostav\dep\libmikmod\win32\vs2005\x64\debug\mplayer.obj
z:\local\doc\git\github\frank2\sostav\dep\libmikmod\win32\vs2005\x64\debug\munitrk.obj
z:\local\doc\git\github\frank2\sostav\dep\libmikmod\win32\vs2005\x64\debug\mwav.obj
z:\local\doc\git\github\frank2\sostav\dep\libmikmod\win32\vs2005\x64\debug\npertab.obj
z:\local\doc\git\github\frank2\sostav\dep\libmikmod\win32\vs2005\x64\debug\sloader.obj
z:\local\doc\git\github\frank2\sostav\dep\libmikmod\win32\vs2005\x64\debug\virtch.obj
z:\local\doc\git\github\frank2\sostav\dep\libmikmod\win32\vs2005\x64\debug\virtch2.obj
z:\local\doc\git\github\frank2\sostav\dep\libmikmod\win32\vs2005\x64\debug\virtch_common.obj
z:\local\doc\git\github\frank2\sostav\dep\libmikmod\win32\vs2005\x64\debug\strcasecmp.obj
z:\local\doc\git\github\frank2\sostav\dep\libmikmod\win32\vs2005\x64\debug\drv_win.obj
z:\local\doc\git\github\frank2\sostav\dep\libmikmod\win32\vs2005\x64\debug\drv_xaudio2.obj
z:\local\doc\git\github\frank2\sostav\dep\libmikmod\win32\vs2005\x64\debug\load_669.obj
z:\local\doc\git\github\frank2\sostav\dep\libmikmod\win32\vs2005\x64\debug\load_amf.obj
z:\local\doc\git\github\frank2\sostav\dep\libmikmod\win32\vs2005\x64\debug\load_asy.obj
z:\local\doc\git\github\frank2\sostav\dep\libmikmod\win32\vs2005\x64\debug\load_dsm.obj
z:\local\doc\git\github\frank2\sostav\dep\libmikmod\win32\vs2005\x64\debug\load_far.obj
z:\local\doc\git\github\frank2\sostav\dep\libmikmod\win32\vs2005\x64\debug\load_gdm.obj
z:\local\doc\git\github\frank2\sostav\dep\libmikmod\win32\vs2005\x64\debug\load_gt2.obj
z:\local\doc\git\github\frank2\sostav\dep\libmikmod\win32\vs2005\x64\debug\load_imf.obj
z:\local\doc\git\github\frank2\sostav\dep\libmikmod\win32\vs2005\x64\debug\load_it.obj
z:\local\doc\git\github\frank2\sostav\dep\libmikmod\win32\vs2005\x64\debug\load_m15.obj
z:\local\doc\git\github\frank2\sostav\dep\libmikmod\win32\vs2005\x64\debug\load_med.obj
z:\local\doc\git\github\frank2\sostav\dep\libmikmod\win32\vs2005\x64\debug\load_mod.obj
z:\local\doc\git\github\frank2\sostav\dep\libmikmod\win32\vs2005\x64\debug\load_mtm.obj
z:\local\doc\git\github\frank2\sostav\dep\libmikmod\win32\vs2005\x64\debug\load_okt.obj
z:\local\doc\git\github\frank2\sostav\dep\libmikmod\win32\vs2005\x64\debug\load_s3m.obj
z:\local\doc\git\github\frank2\sostav\dep\libmikmod\win32\vs2005\x64\debug\load_stm.obj
z:\local\doc\git\github\frank2\sostav\dep\libmikmod\win32\vs2005\x64\debug\load_stx.obj
z:\local\doc\git\github\frank2\sostav\dep\libmikmod\win32\vs2005\x64\debug\load_ult.obj
z:\local\doc\git\github\frank2\sostav\dep\libmikmod\win32\vs2005\x64\debug\mmcmp.obj
z:\local\doc\git\github\frank2\sostav\dep\libmikmod\win32\vs2005\x64\debug\pp20.obj
z:\local\doc\git\github\frank2\sostav\dep\libmikmod\win32\vs2005\x64\debug\s404.obj
z:\local\doc\git\github\frank2\sostav\dep\libmikmod\win32\vs2005\x64\debug\xpk.obj
z:\local\doc\git\github\frank2\sostav\dep\libmikmod\win32\vs2005\x64\debug\drv_aiff.obj
z:\local\doc\git\github\frank2\sostav\dep\libmikmod\win32\vs2005\x64\debug\drv_ds.obj
z:\local\doc\git\github\frank2\sostav\dep\libmikmod\win32\vs2005\x64\debug\drv_nos.obj
z:\local\doc\git\github\frank2\sostav\dep\libmikmod\win32\vs2005\x64\debug\drv_openal.obj
z:\local\doc\git\github\frank2\sostav\dep\libmikmod\win32\vs2005\x64\debug\drv_raw.obj
z:\local\doc\git\github\frank2\sostav\dep\libmikmod\win32\vs2005\x64\debug\drv_sdl.obj
z:\local\doc\git\github\frank2\sostav\dep\libmikmod\win32\vs2005\x64\debug\drv_stdout.obj
z:\local\doc\git\github\frank2\sostav\dep\libmikmod\win32\vs2005\x64\debug\drv_wav.obj
z:\local\doc\git\github\frank2\sostav\dep\libmikmod\win32\vs2005\x64\debug\libmikmod.lib
z:\local\doc\git\github\frank2\sostav\dep\libmikmod\win32\vs2005\x64\debug\libmikmod.tlog\cl.read.1.tlog
z:\local\doc\git\github\frank2\sostav\dep\libmikmod\win32\vs2005\x64\debug\libmikmod.tlog\cl.command.1.tlog
z:\local\doc\git\github\frank2\sostav\dep\libmikmod\win32\vs2005\x64\debug\libmikmod.tlog\cl.write.1.tlog
z:\local\doc\git\github\frank2\sostav\dep\libmikmod\win32\vs2005\x64\debug\libmikmod.tlog\lib-link.read.1.tlog
z:\local\doc\git\github\frank2\sostav\dep\libmikmod\win32\vs2005\x64\debug\libmikmod.tlog\lib-link.write.1.tlog
z:\local\doc\git\github\frank2\sostav\dep\libmikmod\win32\vs2005\x64\debug\libmikmod.tlog\lib.command.1.tlog
